2025-10-14: Linear Regression
2025-10-14: Ridge Regression
2025-10-14: Lasso Regression
2025-10-14: Elastic Net
2025-10-14: Polynomial Regression
2025-10-14: Logistic Regression
2025-10-14: Multinomial Logistic Regression
2025-10-14: Ordinal Logistic Regression
2025-10-14: Stepwise Regression
2025-10-14: Bayesian Linear Regression
2025-10-14: Gaussian Process Regression
2025-10-14: Support Vector Regression
2025-10-15: Linear Regression
2025-10-15: Ridge Regression
2025-10-15: Lasso Regression
2025-10-15: Elastic Net
2025-10-15: Polynomial Regression
2025-10-15: Logistic Regression
2025-10-15: Multinomial Logistic Regression
2025-10-15: Ordinal Logistic Regression
2025-10-15: Stepwise Regression
2025-10-15: Bayesian Linear Regression
2025-10-15: Gaussian Process Regression
2025-10-15: Support Vector Regression
2025-10-16: Linear Regression
2025-10-16: Ridge Regression
2025-10-16: Lasso Regression
2025-10-16: Elastic Net
2025-10-16: Polynomial Regression
2025-10-16: Logistic Regression
2025-10-16: Multinomial Logistic Regression
2025-10-16: Ordinal Logistic Regression
2025-10-16: Stepwise Regression
2025-10-16: Bayesian Linear Regression
2025-10-16: Gaussian Process Regression
2025-10-16: Support Vector Regression
2025-10-17: Linear Regression
2025-10-17: Ridge Regression
2025-10-17: Lasso Regression
2025-10-17: Elastic Net
2025-10-17: Polynomial Regression
2025-10-17: Logistic Regression
2025-10-17: Multinomial Logistic Regression
2025-10-17: Ordinal Logistic Regression
2025-10-17: Stepwise Regression
2025-10-17: Bayesian Linear Regression
2025-10-17: Gaussian Process Regression
2025-10-17: Support Vector Regression
2025-10-18: Linear Regression
2025-10-18: Ridge Regression
2025-10-18: Lasso Regression
2025-10-18: Elastic Net
2025-10-18: Polynomial Regression
2025-10-18: Logistic Regression
2025-10-18: Multinomial Logistic Regression
2025-10-18: Ordinal Logistic Regression
2025-10-18: Stepwise Regression
2025-10-18: Bayesian Linear Regression
2025-10-18: Gaussian Process Regression
2025-10-18: Support Vector Regression
2025-10-22: Linear Regression
2025-10-22: Ridge Regression
2025-10-22: Lasso Regression
2025-10-22: Elastic Net
2025-10-22: Polynomial Regression
2025-10-22: Logistic Regression
2025-10-22: Multinomial Logistic Regression
2025-10-22: Ordinal Logistic Regression
2025-10-22: Stepwise Regression
2025-10-22: Bayesian Linear Regression
2025-10-22: Gaussian Process Regression
2025-10-22: Support Vector Regression
2025-10-29: Linear Regression
2025-10-29: Ridge Regression
2025-10-29: Lasso Regression
2025-10-29: Elastic Net
2025-10-29: Polynomial Regression
2025-10-29: Logistic Regression
2025-10-29: Multinomial Logistic Regression
2025-10-29: Ordinal Logistic Regression
2025-10-29: Stepwise Regression
2025-10-29: Bayesian Linear Regression
